{"level":"info","message":"Test Suite Started :  , 3 tests"}
{"level":"info","message":"Test Case Started : Test 1 : Subscribe on dialog and call dismiss by clicking on Ok button"}
{"level":"info","message":"Test Case Completed : Test 1 : Subscribe on dialog and call dismiss by clicking on Ok button Status : interrupted"}
{"level":"info","message":"Test Suite Started :  , 1 tests"}
{"level":"info","message":"Test Case Started : Using playwright Auto-Retrying Assertion"}
{"level":"info","message":"Test Case Completed : Using playwright Auto-Retrying Assertion Status : timedOut"}
{"level":"info","message":"Test Suite Started :  , 1 tests"}
{"level":"info","message":"Test Case Started : Test 1 : Subscribe on dialog and call dismiss by clicking on Ok button"}
{"level":"info","message":"Test Case Completed : Test 1 : Subscribe on dialog and call dismiss by clicking on Ok button Status : timedOut"}
{"level":"info","message":"Test Suite Started :  , 1 tests"}
{"level":"info","message":"Test Case Started : Test 1 : Test Lanfing Page"}
{"level":"info","message":"Test Case Completed : Test 1 : Test Lanfing Page Status : failed"}
{"level":"info","message":"Test Case Started : Test 1 : Test Lanfing Page"}
{"level":"info","message":"Test Case Completed : Test 1 : Test Lanfing Page Status : failed"}
{"level":"info","message":"Test Suite Started :  , 1 tests"}
{"level":"info","message":"Test Case Started : Test 1 : Test Landing Page"}
{"level":"info","message":"Test Case Completed : Test 1 : Test Landing Page Status : failed"}
{"level":"info","message":"Test Case Started : Test 1 : Test Landing Page"}
{"level":"info","message":"Test Case Completed : Test 1 : Test Landing Page Status : failed"}
{"level":"info","message":"Test Suite Started :  , 1 tests"}
{"level":"info","message":"Test Case Started : Test 1 : Test Landing Page"}
{"level":"info","message":"Test Case Completed : Test 1 : Test Landing Page Status : failed"}
{"level":"info","message":"Test Suite Started :  , 1 tests"}
{"level":"info","message":"Test Case Started : Test 1 : Test Landing Page"}
{"level":"info","message":"Test Case Completed : Test 1 : Test Landing Page Status : failed"}
{"level":"info","message":"Test Suite Started :  , 1 tests"}
{"level":"info","message":"Test Case Started : Test 1 : Test Landing Page"}
{"level":"info","message":"Test Case Completed : Test 1 : Test Landing Page Status : failed"}
{"level":"info","message":"Test Suite Started :  , 1 tests"}
{"level":"info","message":"Test Case Started : Test 1 : Test Landing Page"}
{"level":"info","message":"Test Case Completed : Test 1 : Test Landing Page Status : failed"}
{"level":"info","message":"Test Case Started : Test 1 : Test Landing Page"}
{"level":"info","message":"Test Case Completed : Test 1 : Test Landing Page Status : failed"}
{"level":"info","message":"Test Suite Started :  , 1 tests"}
{"level":"info","message":"Test Case Started : Login into web app using saved login state"}
{"level":"info","message":"Test Case Completed : Login into web app using saved login state Status : failed"}
{"level":"info","message":"Test Suite Started :  , 0 tests"}
{"level":"error","message":"TestError : "}
{"level":"info","message":"Test Suite Started :  , 1 tests"}
{"level":"info","message":"Test Case Started : Login into web app using saved login state"}
{"level":"info","message":"Test Case Completed : Login into web app using saved login state Status : failed"}
{"level":"info","message":"Test Suite Started :  , 1 tests"}
{"level":"info","message":"Test Case Started : Login into web app using saved login state"}
{"level":"info","message":"Test Case Completed : Login into web app using saved login state Status : failed"}
{"level":"info","message":"Test Suite Started :  , 1 tests"}
{"level":"info","message":"Test Case Started : Test 1 : Test Landing Page"}
{"level":"info","message":"Test Case Completed : Test 1 : Test Landing Page Status : failed"}
{"level":"info","message":"Test Suite Started :  , 1 tests"}
{"level":"info","message":"Test Case Started : Test 1 : Test Landing Page"}
{"level":"info","message":"Test Case Completed : Test 1 : Test Landing Page Status : failed"}
{"level":"info","message":"Test Suite Started :  , 1 tests"}
{"level":"info","message":"Test Case Started : Test 1 : Test Landing Page"}
{"level":"info","message":"Test Case Completed : Test 1 : Test Landing Page Status : failed"}
{"level":"info","message":"Test Case Started : Test 1 : Test Landing Page"}
{"level":"info","message":"Test Case Completed : Test 1 : Test Landing Page Status : failed"}
{"level":"info","message":"Test Suite Started :  , 1 tests"}
{"level":"info","message":"Test Case Started : Test 1 : Test Landing Page"}
{"level":"info","message":"Test Case Completed : Test 1 : Test Landing Page Status : failed"}
{"level":"info","message":"Test Case Started : Test 1 : Test Landing Page"}
{"level":"info","message":"Test Case Completed : Test 1 : Test Landing Page Status : failed"}
{"level":"info","message":"Test Suite Started :  , 1 tests"}
{"level":"info","message":"Test Case Started : Test 1 : Test Landing Page"}
{"level":"info","message":"Test Case Completed : Test 1 : Test Landing Page Status : failed"}
{"level":"info","message":"Test Suite Started :  , 1 tests"}
{"level":"info","message":"Test Case Started : Test 1 : Test Landing Page"}
{"level":"info","message":"Test Case Completed : Test 1 : Test Landing Page Status : failed"}
{"level":"info","message":"Test Suite Started :  , 1 tests"}
{"level":"info","message":"Test Case Started : Test 1 : Test Landing Page"}
{"level":"info","message":"Test Case Completed : Test 1 : Test Landing Page Status : failed"}
{"level":"info","message":"Test Suite Started :  , 1 tests"}
{"level":"info","message":"Test Case Started : Test 1 : Test Landing Page"}
{"level":"info","message":"Test Case Completed : Test 1 : Test Landing Page Status : failed"}
{"level":"info","message":"Test Suite Started :  , 1 tests"}
{"level":"info","message":"Test Case Started : Test 1 : Test Landing Page"}
{"level":"info","message":"Test Case Completed : Test 1 : Test Landing Page Status : failed"}
{"level":"info","message":"Test Suite Started :  , 1 tests"}
{"level":"info","message":"Test Case Started : Test 1 : Test Landing Page"}
{"level":"info","message":"Test Case Completed : Test 1 : Test Landing Page Status : failed"}
{"level":"info","message":"Test Suite Started :  , 1 tests"}
{"level":"info","message":"Test Case Started : Test 1 : Test Landing Page"}
{"level":"info","message":"Test Case Completed : Test 1 : Test Landing Page Status : failed"}
{"level":"info","message":"Test Suite Started :  , 1 tests"}
{"level":"info","message":"Test Case Started : Test 1 : Test Landing Page"}
{"level":"info","message":"Test Case Completed : Test 1 : Test Landing Page Status : failed"}
{"level":"info","message":"Test Suite Started :  , 1 tests"}
{"level":"info","message":"Test Case Started : Test 1 : Test Landing Page"}
{"level":"info","message":"Test Case Completed : Test 1 : Test Landing Page Status : failed"}
{"level":"info","message":"Test Suite Started :  , 1 tests"}
{"level":"info","message":"Test Case Started : Test 1 : Test Landing Page"}
{"level":"info","message":"Test Case Completed : Test 1 : Test Landing Page Status : failed"}
{"level":"info","message":"Test Suite Started :  , 1 tests"}
{"level":"info","message":"Test Case Started : Test 1 : Test Landing Page"}
{"level":"info","message":"Test Case Completed : Test 1 : Test Landing Page Status : failed"}
{"level":"info","message":"Test Suite Started :  , 1 tests"}
{"level":"info","message":"Test Case Started : Test 1 : Test Landing Page"}
{"level":"info","message":"Test Case Completed : Test 1 : Test Landing Page Status : failed"}
{"level":"info","message":"Test Suite Started :  , 1 tests"}
{"level":"info","message":"Test Case Started : Test 1 : Test Landing Page"}
{"level":"info","message":"Test Case Completed : Test 1 : Test Landing Page Status : failed"}
{"level":"info","message":"Test Suite Started :  , 1 tests"}
{"level":"info","message":"Test Case Started : Test 1 : Test Landing Page"}
{"level":"info","message":"Test Suite Started :  , 1 tests"}
{"level":"info","message":"Test Case Started : Test 1 : Test Landing Page"}
{"level":"info","message":"Test Case Completed : Test 1 : Test Landing Page Status : failed"}
{"level":"info","message":"Test Suite Started :  , 1 tests"}
{"level":"info","message":"Test Case Started : Test 1 : Test Landing Page"}
{"level":"info","message":"Test Case Completed : Test 1 : Test Landing Page Status : failed"}
{"level":"info","message":"Test Case Started : Test 1 : Test Landing Page"}
{"level":"info","message":"Test Case Completed : Test 1 : Test Landing Page Status : failed"}
{"level":"info","message":"Test Suite Started :  , 1 tests"}
{"level":"info","message":"Test Case Started : Test 1 : Test Landing Page"}
{"level":"info","message":"Test Case Completed : Test 1 : Test Landing Page Status : failed"}
{"level":"info","message":"Test Case Started : Test 1 : Test Landing Page"}
{"level":"info","message":"Test Case Completed : Test 1 : Test Landing Page Status : failed"}
{"level":"info","message":"Test Suite Started :  , 1 tests"}
{"level":"info","message":"Test Case Started : Test 1 : Test Landing Page"}
{"level":"info","message":"Test Case Completed : Test 1 : Test Landing Page Status : failed"}
{"level":"info","message":"Test Case Started : Test 1 : Test Landing Page"}
{"level":"info","message":"Test Case Completed : Test 1 : Test Landing Page Status : failed"}
{"level":"info","message":"Test Suite Started :  , 1 tests"}
{"level":"info","message":"Test Case Started : Test 1 : Test Landing Page"}
{"level":"info","message":"Test Case Completed : Test 1 : Test Landing Page Status : failed"}
{"level":"info","message":"Test Case Started : Test 1 : Test Landing Page"}
{"level":"info","message":"Test Case Completed : Test 1 : Test Landing Page Status : failed"}
{"level":"info","message":"Test Suite Started :  , 1 tests"}
{"level":"info","message":"Test Case Started : Test 1 : Test Landing Page"}
{"level":"info","message":"Test Case Completed : Test 1 : Test Landing Page Status : failed"}
{"level":"info","message":"Test Case Started : Test 1 : Test Landing Page"}
{"level":"info","message":"Test Case Completed : Test 1 : Test Landing Page Status : failed"}
{"level":"info","message":"Test Suite Started :  , 1 tests"}
{"level":"info","message":"Test Case Started : Test 1 : Test Landing Page"}
{"level":"info","message":"Test Case Completed : Test 1 : Test Landing Page Status : failed"}
{"level":"info","message":"Test Case Started : Test 1 : Test Landing Page"}
{"level":"info","message":"Test Case Completed : Test 1 : Test Landing Page Status : failed"}
{"level":"info","message":"Test Suite Started :  , 1 tests"}
{"level":"info","message":"Test Case Started : Test 1 : Test Landing Page"}
{"level":"info","message":"Test Case Completed : Test 1 : Test Landing Page Status : failed"}
{"level":"info","message":"Test Case Started : Test 1 : Test Landing Page"}
{"level":"info","message":"Test Case Completed : Test 1 : Test Landing Page Status : failed"}
{"level":"info","message":"Test Suite Started :  , 1 tests"}
{"level":"info","message":"Test Case Started : Test 1 : Test Landing Page"}
{"level":"info","message":"Test Case Completed : Test 1 : Test Landing Page Status : failed"}
{"level":"info","message":"Test Case Started : Test 1 : Test Landing Page"}
{"level":"info","message":"Test Case Completed : Test 1 : Test Landing Page Status : failed"}
{"level":"info","message":"Test Suite Started :  , 1 tests"}
{"level":"info","message":"Test Case Started : Test 1 : Test Landing Page"}
{"level":"info","message":"Test Case Completed : Test 1 : Test Landing Page Status : failed"}
{"level":"info","message":"Test Case Started : Test 1 : Test Landing Page"}
{"level":"info","message":"Test Case Completed : Test 1 : Test Landing Page Status : failed"}
{"level":"info","message":"Test Suite Started :  , 1 tests"}
{"level":"info","message":"Test Case Started : Test 1 : Test Landing Page"}
{"level":"info","message":"Test Case Completed : Test 1 : Test Landing Page Status : failed"}
{"level":"info","message":"Test Case Started : Test 1 : Test Landing Page"}
{"level":"info","message":"Test Case Completed : Test 1 : Test Landing Page Status : failed"}
{"level":"info","message":"Test Suite Started :  , 1 tests"}
{"level":"info","message":"Test Case Started : Test 1 : Test Landing Page"}
{"level":"info","message":"Test Case Completed : Test 1 : Test Landing Page Status : failed"}
{"level":"info","message":"Test Case Started : Test 1 : Test Landing Page"}
{"level":"info","message":"Test Case Completed : Test 1 : Test Landing Page Status : failed"}
{"level":"info","message":"Test Suite Started :  , 1 tests"}
{"level":"info","message":"Test Case Started : Test 1 : Test Landing Page"}
{"level":"info","message":"Test Case Completed : Test 1 : Test Landing Page Status : failed"}
{"level":"info","message":"Test Case Started : Test 1 : Test Landing Page"}
{"level":"info","message":"Test Case Completed : Test 1 : Test Landing Page Status : failed"}
{"level":"info","message":"Test Suite Started :  , 1 tests"}
{"level":"info","message":"Test Case Started : Test 1 : Test Landing Page"}
{"level":"info","message":"Test Case Completed : Test 1 : Test Landing Page Status : failed"}
{"level":"info","message":"Test Case Started : Test 1 : Test Landing Page"}
{"level":"info","message":"Test Case Completed : Test 1 : Test Landing Page Status : failed"}
{"level":"info","message":"Test Suite Started :  , 1 tests"}
{"level":"info","message":"Test Case Started : Test 1 : Test Landing Page"}
{"level":"info","message":"Test Case Completed : Test 1 : Test Landing Page Status : failed"}
{"level":"info","message":"Test Case Started : Test 1 : Test Landing Page"}
{"level":"info","message":"Test Case Completed : Test 1 : Test Landing Page Status : failed"}
{"level":"info","message":"Test Suite Started :  , 1 tests"}
{"level":"info","message":"Test Case Started : Test 1 : Test Landing Page"}
{"level":"info","message":"Test Case Completed : Test 1 : Test Landing Page Status : failed"}
{"level":"info","message":"Test Case Started : Test 1 : Test Landing Page"}
{"level":"info","message":"Test Case Completed : Test 1 : Test Landing Page Status : failed"}
{"level":"info","message":"Test Suite Started :  , 1 tests"}
{"level":"info","message":"Test Case Started : Test 1 : Test Landing Page"}
{"level":"info","message":"Test Case Completed : Test 1 : Test Landing Page Status : failed"}
{"level":"info","message":"Test Case Started : Test 1 : Test Landing Page"}
{"level":"info","message":"Test Case Completed : Test 1 : Test Landing Page Status : failed"}
{"level":"info","message":"Test Suite Started :  , 0 tests"}
{"level":"error","message":"TestError : "}
{"level":"error","message":"TestError : "}
{"level":"info","message":"Test Suite Started :  , 1 tests"}
{"level":"info","message":"Test Case Started : Test 1 : Test Landing Page"}
{"level":"info","message":"Test Case Completed : Test 1 : Test Landing Page Status : failed"}
{"level":"info","message":"Test Suite Started :  , 1 tests"}
{"level":"info","message":"Test Case Started : Test 1 : Test Landing Page"}
{"level":"info","message":"Test Case Completed : Test 1 : Test Landing Page Status : failed"}
{"level":"info","message":"Test Suite Started :  , 1 tests"}
{"level":"info","message":"Test Case Started : Test 1 : Test Landing Page"}
{"level":"info","message":"Test Case Completed : Test 1 : Test Landing Page Status : failed"}
{"level":"info","message":"Test Suite Started :  , 1 tests"}
{"level":"info","message":"Test Case Started : Test 1 : Test Landing Page"}
{"level":"info","message":"Test Case Completed : Test 1 : Test Landing Page Status : failed"}
{"level":"info","message":"Test Suite Started :  , 1 tests"}
{"level":"info","message":"Test Case Started : Test 1 : Test Landing Page"}
{"level":"info","message":"Test Case Completed : Test 1 : Test Landing Page Status : failed"}
{"level":"info","message":"Test Suite Started :  , 1 tests"}
{"level":"info","message":"Test Case Started : Test 1 : Test Landing Page"}
{"level":"info","message":"Test Case Completed : Test 1 : Test Landing Page Status : failed"}
{"level":"info","message":"Test Case Started : Test 1 : Test Landing Page"}
{"level":"info","message":"Test Case Completed : Test 1 : Test Landing Page Status : failed"}
{"level":"info","message":"Test Suite Started :  , 1 tests"}
{"level":"info","message":"Test Case Started : Test 1 : Test Landing Page"}
{"level":"info","message":"Test Case Completed : Test 1 : Test Landing Page Status : failed"}
{"level":"info","message":"Test Suite Started :  , 1 tests"}
{"level":"info","message":"Test Case Started : Test 1 : Test Landing Page"}
{"level":"info","message":"Test Case Completed : Test 1 : Test Landing Page Status : failed"}
{"level":"info","message":"Test Case Started : Test 1 : Test Landing Page"}
{"level":"info","message":"Test Case Completed : Test 1 : Test Landing Page Status : failed"}
{"level":"info","message":"Test Suite Started :  , 1 tests"}
{"level":"info","message":"Test Case Started : Test 1 : Test Landing Page"}
{"level":"info","message":"Test Case Completed : Test 1 : Test Landing Page Status : failed"}
{"level":"info","message":"Test Case Started : Test 1 : Test Landing Page"}
{"level":"info","message":"Test Case Completed : Test 1 : Test Landing Page Status : failed"}
{"level":"info","message":"Test Suite Started :  , 1 tests"}
{"level":"info","message":"Test Case Started : Test 1 : Test Landing Page"}
{"level":"info","message":"Test Case Completed : Test 1 : Test Landing Page Status : failed"}
{"level":"info","message":"Test Case Started : Test 1 : Test Landing Page"}
{"level":"info","message":"Test Case Completed : Test 1 : Test Landing Page Status : failed"}
{"level":"info","message":"Test Suite Started :  , 1 tests"}
{"level":"info","message":"Test Case Started : Test 1 : Test Landing Page"}
{"level":"info","message":"Test Case Completed : Test 1 : Test Landing Page Status : failed"}
{"level":"info","message":"Test Case Started : Test 1 : Test Landing Page"}
{"level":"info","message":"Test Case Completed : Test 1 : Test Landing Page Status : failed"}
{"level":"info","message":"Test Suite Started :  , 1 tests"}
{"level":"info","message":"Test Case Started : Test 1 : Test Landing Page"}
{"level":"info","message":"Test Case Completed : Test 1 : Test Landing Page Status : failed"}
{"level":"info","message":"Test Case Started : Test 1 : Test Landing Page"}
{"level":"info","message":"Test Case Completed : Test 1 : Test Landing Page Status : failed"}
{"level":"info","message":"Test Suite Started :  , 1 tests"}
{"level":"info","message":"Test Case Started : Test 1 : Test Landing Page"}
{"level":"info","message":"Test Case Completed : Test 1 : Test Landing Page Status : failed"}
{"level":"info","message":"Test Case Started : Test 1 : Test Landing Page"}
{"level":"info","message":"Test Case Completed : Test 1 : Test Landing Page Status : failed"}
{"level":"info","message":"Test Suite Started :  , 1 tests"}
{"level":"info","message":"Test Case Started : Test 1 : Test Landing Page"}
{"level":"info","message":"Test Case Completed : Test 1 : Test Landing Page Status : failed"}
{"level":"info","message":"Test Case Started : Test 1 : Test Landing Page"}
{"level":"info","message":"Test Case Completed : Test 1 : Test Landing Page Status : failed"}
{"level":"info","message":"Test Suite Started :  , 1 tests"}
{"level":"info","message":"Test Case Started : Test 1 : Test Landing Page"}
{"level":"info","message":"Test Case Completed : Test 1 : Test Landing Page Status : failed"}
{"level":"info","message":"Test Case Started : Test 1 : Test Landing Page"}
{"level":"info","message":"Test Case Completed : Test 1 : Test Landing Page Status : failed"}
{"level":"info","message":"Test Suite Started :  , 1 tests"}
{"level":"info","message":"Test Case Started : Test 1 : Test Landing Page"}
{"level":"info","message":"Test Case Completed : Test 1 : Test Landing Page Status : failed"}
{"level":"info","message":"Test Case Started : Test 1 : Test Landing Page"}
{"level":"info","message":"Test Case Completed : Test 1 : Test Landing Page Status : failed"}
{"level":"info","message":"Test Suite Started :  , 1 tests"}
{"level":"info","message":"Test Case Started : Test 1 : Test Landing Page"}
{"level":"info","message":"Test Case Completed : Test 1 : Test Landing Page Status : failed"}
{"level":"info","message":"Test Case Started : Test 1 : Test Landing Page"}
{"level":"info","message":"Test Case Completed : Test 1 : Test Landing Page Status : failed"}
{"level":"info","message":"Test Suite Started :  , 1 tests"}
{"level":"info","message":"Test Case Started : Test 1 : Test Landing Page"}
{"level":"info","message":"Test Case Completed : Test 1 : Test Landing Page Status : failed"}
{"level":"info","message":"Test Case Started : Test 1 : Test Landing Page"}
{"level":"info","message":"Test Case Completed : Test 1 : Test Landing Page Status : failed"}
{"level":"info","message":"Test Suite Started :  , 1 tests"}
{"level":"info","message":"Test Case Started : Test 1 : Test Landing Page"}
{"level":"info","message":"Test Case Completed : Test 1 : Test Landing Page Status : failed"}
{"level":"info","message":"Test Case Started : Test 1 : Test Landing Page"}
{"level":"info","message":"Test Case Completed : Test 1 : Test Landing Page Status : failed"}
{"level":"info","message":"Test Suite Started :  , 1 tests"}
{"level":"info","message":"Test Case Started : Test 1 : Test Landing Page"}
{"level":"info","message":"Test Case Completed : Test 1 : Test Landing Page Status : failed"}
{"level":"info","message":"Test Case Started : Test 1 : Test Landing Page"}
{"level":"info","message":"Test Case Completed : Test 1 : Test Landing Page Status : failed"}
{"level":"info","message":"Test Suite Started :  , 1 tests"}
{"level":"info","message":"Test Case Started : Test 1 : Test Landing Page"}
{"level":"info","message":"Test Case Completed : Test 1 : Test Landing Page Status : failed"}
{"level":"info","message":"Test Case Started : Test 1 : Test Landing Page"}
{"level":"info","message":"Test Case Completed : Test 1 : Test Landing Page Status : failed"}
{"level":"info","message":"Test Suite Started :  , 1 tests"}
{"level":"info","message":"Test Case Started : Test 1 : Test Landing Page"}
{"level":"info","message":"Test Case Completed : Test 1 : Test Landing Page Status : failed"}
{"level":"info","message":"Test Case Started : Test 1 : Test Landing Page"}
{"level":"info","message":"Test Case Completed : Test 1 : Test Landing Page Status : failed"}
{"level":"info","message":"Test Suite Started :  , 1 tests"}
{"level":"info","message":"Test Case Started : Test 1 : Test Landing Page"}
{"level":"info","message":"Test Case Completed : Test 1 : Test Landing Page Status : failed"}
{"level":"info","message":"Test Case Started : Test 1 : Test Landing Page"}
{"level":"info","message":"Test Case Completed : Test 1 : Test Landing Page Status : failed"}
{"level":"info","message":"Test Suite Started :  , 1 tests"}
{"level":"info","message":"Test Case Started : Test 1 : Test Landing Page"}
{"level":"info","message":"Test Case Completed : Test 1 : Test Landing Page Status : failed"}
{"level":"info","message":"Test Case Started : Test 1 : Test Landing Page"}
{"level":"info","message":"Test Case Completed : Test 1 : Test Landing Page Status : failed"}
{"level":"info","message":"Test Suite Started :  , 1 tests"}
{"level":"info","message":"Test Case Started : Test 1 : Test Landing Page"}
{"level":"info","message":"Test Case Completed : Test 1 : Test Landing Page Status : failed"}
{"level":"info","message":"Test Case Started : Test 1 : Test Landing Page"}
{"level":"info","message":"Test Case Completed : Test 1 : Test Landing Page Status : failed"}
{"level":"info","message":"Test Suite Started :  , 1 tests"}
{"level":"info","message":"Test Case Started : Test 1 : Test Landing Page"}
{"level":"info","message":"Test Case Completed : Test 1 : Test Landing Page Status : failed"}
{"level":"info","message":"Test Case Started : Test 1 : Test Landing Page"}
{"level":"info","message":"Test Case Completed : Test 1 : Test Landing Page Status : failed"}
{"level":"info","message":"Test Suite Started :  , 1 tests"}
{"level":"info","message":"Test Case Started : Test 1 : Test Landing Page"}
{"level":"info","message":"Test Case Completed : Test 1 : Test Landing Page Status : failed"}
{"level":"info","message":"Test Case Started : Test 1 : Test Landing Page"}
{"level":"info","message":"Test Case Completed : Test 1 : Test Landing Page Status : failed"}
{"level":"info","message":"Test Suite Started :  , 1 tests"}
{"level":"info","message":"Test Case Started : Test 1 : Test Landing Page"}
{"level":"info","message":"Test Case Completed : Test 1 : Test Landing Page Status : failed"}
{"level":"info","message":"Test Case Started : Test 1 : Test Landing Page"}
{"level":"info","message":"Test Case Completed : Test 1 : Test Landing Page Status : failed"}
{"level":"info","message":"Test Suite Started :  , 1 tests"}
{"level":"info","message":"Test Case Started : Test 1 : Test Landing Page"}
{"level":"info","message":"Test Case Completed : Test 1 : Test Landing Page Status : failed"}
{"level":"info","message":"Test Case Started : Test 1 : Test Landing Page"}
{"level":"info","message":"Test Case Completed : Test 1 : Test Landing Page Status : failed"}
{"level":"info","message":"Test Suite Started :  , 1 tests"}
{"level":"info","message":"Test Case Started : Test 1 : Test Landing Page"}
{"level":"info","message":"Test Case Completed : Test 1 : Test Landing Page Status : failed"}
{"level":"info","message":"Test Case Started : Test 1 : Test Landing Page"}
{"level":"info","message":"Test Case Completed : Test 1 : Test Landing Page Status : failed"}
{"level":"info","message":"Test Suite Started :  , 1 tests"}
{"level":"info","message":"Test Case Started : Test 1 : Test Landing Page"}
{"level":"info","message":"Test Case Completed : Test 1 : Test Landing Page Status : failed"}
{"level":"info","message":"Test Case Started : Test 1 : Test Landing Page"}
{"level":"info","message":"Test Case Completed : Test 1 : Test Landing Page Status : failed"}
{"level":"info","message":"Test Suite Started :  , 1 tests"}
{"level":"info","message":"Test Case Started : Test 1 : Test Landing Page"}
{"level":"info","message":"Test Case Completed : Test 1 : Test Landing Page Status : failed"}
{"level":"info","message":"Test Case Started : Test 1 : Test Landing Page"}
{"level":"info","message":"Test Case Completed : Test 1 : Test Landing Page Status : failed"}
{"level":"info","message":"Test Suite Started :  , 1 tests"}
{"level":"info","message":"Test Case Started : Test 1 : Test Landing Page"}
{"level":"info","message":"Test Case Completed : Test 1 : Test Landing Page Status : failed"}
{"level":"info","message":"Test Case Started : Test 1 : Test Landing Page"}
{"level":"info","message":"Test Case Completed : Test 1 : Test Landing Page Status : failed"}
{"level":"info","message":"Test Suite Started :  , 1 tests"}
{"level":"info","message":"Test Case Started : Test 1 : Test Landing Page"}
{"level":"info","message":"Test Case Completed : Test 1 : Test Landing Page Status : failed"}
{"level":"info","message":"Test Case Started : Test 1 : Test Landing Page"}
{"level":"info","message":"Test Case Completed : Test 1 : Test Landing Page Status : failed"}
{"level":"info","message":"Test Suite Started :  , 1 tests"}
{"level":"info","message":"Test Case Started : Test 1 : Test Landing Page"}
{"level":"info","message":"Test Case Completed : Test 1 : Test Landing Page Status : failed"}
{"level":"info","message":"Test Case Started : Test 1 : Test Landing Page"}
{"level":"info","message":"Test Case Completed : Test 1 : Test Landing Page Status : failed"}
{"level":"info","message":"Test Suite Started :  , 1 tests"}
{"level":"info","message":"Test Case Started : Test 1 : Test Landing Page"}
{"level":"info","message":"Test Case Completed : Test 1 : Test Landing Page Status : failed"}
{"level":"info","message":"Test Case Started : Test 1 : Test Landing Page"}
{"level":"info","message":"Test Case Completed : Test 1 : Test Landing Page Status : failed"}
{"level":"info","message":"Test Suite Started :  , 1 tests"}
{"level":"info","message":"Test Case Started : Test 1 : Test Landing Page"}
{"level":"info","message":"Test Case Completed : Test 1 : Test Landing Page Status : failed"}
{"level":"info","message":"Test Case Started : Test 1 : Test Landing Page"}
{"level":"info","message":"Test Case Completed : Test 1 : Test Landing Page Status : failed"}
{"level":"info","message":"Test Suite Started :  , 1 tests"}
{"level":"info","message":"Test Case Started : Test 1 : Test Landing Page"}
{"level":"info","message":"Test Case Completed : Test 1 : Test Landing Page Status : failed"}
{"level":"info","message":"Test Case Started : Test 1 : Test Landing Page"}
{"level":"info","message":"Test Case Completed : Test 1 : Test Landing Page Status : failed"}
{"level":"info","message":"Test Suite Started :  , 1 tests"}
{"level":"info","message":"Test Case Started : Test 1 : Test Landing Page"}
{"level":"info","message":"Test Case Completed : Test 1 : Test Landing Page Status : failed"}
{"level":"info","message":"Test Case Started : Test 1 : Test Landing Page"}
{"level":"info","message":"Test Case Completed : Test 1 : Test Landing Page Status : failed"}
{"level":"info","message":"Test Suite Started :  , 1 tests"}
{"level":"info","message":"Test Case Started : Test 1 : Test Landing Page"}
{"level":"info","message":"Test Case Completed : Test 1 : Test Landing Page Status : failed"}
{"level":"info","message":"Test Case Started : Test 1 : Test Landing Page"}
{"level":"info","message":"Test Case Completed : Test 1 : Test Landing Page Status : failed"}
{"level":"info","message":"Test Suite Started :  , 1 tests"}
{"level":"info","message":"Test Case Started : Test 1 : Test Landing Page"}
{"level":"info","message":"Test Case Completed : Test 1 : Test Landing Page Status : failed"}
{"level":"info","message":"Test Case Started : Test 1 : Test Landing Page"}
{"level":"info","message":"Test Case Completed : Test 1 : Test Landing Page Status : failed"}
